<?xml version="1.0" encoding="UTF-8"?>
<!-- Generated by org.testng.reporters.JUnitXMLReporter -->
<testsuite ignored="0" hostname="LAPTOP-5DBSC07H" failures="1" tests="1" name="sample" time="17.856" errors="0" timestamp="2022-10-11T15:52:58 IST">
  <testcase classname="testCases.TestScreenhshotWhileFailTestCase" name="test" time="15.743">
    <failure type="java.lang.AssertionError" message="expected [Maven Repository: Search/Browse/Explore  ] but found [Maven Repository: Search/Browse/Explore]">
      <![CDATA[java.lang.AssertionError: expected [Maven Repository: Search/Browse/Explore  ] but found [Maven Repository: Search/Browse/Explore]
at testCases.TestScreenhshotWhileFailTestCase.test(TestScreenhshotWhileFailTestCase.java:23)
at java.base/java.util.ArrayList.forEach(ArrayList.java:1511)
at java.base/java.util.concurrent.FutureTask.run(FutureTask.java:264)
at java.base/java.util.concurrent.ThreadPoolExecutor.runWorker(ThreadPoolExecutor.java:1136)
at java.base/java.util.concurrent.ThreadPoolExecutor$Worker.run(ThreadPoolExecutor.java:635)
at java.base/java.lang.Thread.run(Thread.java:833)
... Removed 21 stack frames]]>
    </failure>
  </testcase> <!-- test -->
</testsuite> <!-- sample -->
